\BOOKMARK [1][-]{Doc-Start}{\376\377\000S\000e\000z\000n\000a\000m\000\040\000o\000b\000r\000\341\000z\000k\001\157}{}% 1
\BOOKMARK [1][-]{Doc-Start}{\376\377\000S\000e\000z\000n\000a\000m\000\040\000v\000\375\000p\000i\000s\001\157\000\040\000z\000d\000r\000o\000j\000o\000v\000\351\000h\000o\000\040\000k\000\363\000d\000u}{}% 2
\BOOKMARK [1][-]{section.1}{\332vod}{}% 3
\BOOKMARK [1][-]{section.2}{Bayesovsk\341\040statistika}{}% 4
\BOOKMARK [2][-]{subsection.2.1}{Bayesovsk\341\040volba\040modelu}{section.2}% 5
\BOOKMARK [1][-]{section.3}{Model}{}% 6
\BOOKMARK [2][-]{subsection.3.1}{Model\040bez\040zlomu}{section.3}% 7
\BOOKMARK [2][-]{subsection.3.2}{Model\040s\040v\355ce\040zlomy}{section.3}% 8
\BOOKMARK [2][-]{subsection.3.3}{\376\377\000M\000o\000d\000e\000l\000\040\000s\000\040\000v\000\355\000c\000e\000\040\000z\000l\000o\000m\000y\000\040\000a\000\040\000r\001\157\000z\000n\000\375\000m\000\040\000p\000o\001\015\000t\000e\000m\000\040\000d\000i\000m\000e\000n\000z\000\355}{section.3}% 9
\BOOKMARK [1][-]{section.4}{MCMC}{}% 10
\BOOKMARK [2][-]{subsection.4.1}{Monte\040Carlo\040Integrace}{section.4}% 11
\BOOKMARK [2][-]{subsection.4.2}{\376\377\000M\000a\000r\000k\000o\000v\000s\000k\000\375\000\040\001\131\000e\000t\001\033\000z\000e\000c}{section.4}% 12
\BOOKMARK [2][-]{subsection.4.3}{Metropolis-Hastings}{section.4}% 13
\BOOKMARK [1][-]{section.5}{RJMCMC}{}% 14
\BOOKMARK [2][-]{subsection.5.1}{Algoritmus}{section.5}% 15
\BOOKMARK [2][-]{subsection.5.2}{\376\377\000P\001\131\000\355\000k\000l\000a\000d}{section.5}% 16
\BOOKMARK [1][-]{section.6}{\376\377\000Z\000\341\000v\001\033\000r}{}% 17
\BOOKMARK [1][-]{section.6}{Literatura}{}% 18
\BOOKMARK [1][-]{section.6}{\376\377\000P\001\131\000\355\000l\000o\000h\000y}{}% 19
\BOOKMARK [1][-]{appendix.A}{Zdrojov\351\040k\363dy}{}% 20
